<?xml version="1.0" encoding="UTF-8"?>
<testsuite xmlns:xsi="http://www.w3.org/2001/XMLSchema-instance" xsi:noNamespaceSchemaLocation="https://maven.apache.org/surefire/maven-surefire-plugin/xsd/surefire-test-report.xsd" name="com.site.blog.my.core.MyBlogApplicationTests" time="2.573" tests="1" errors="0" skipped="0" failures="0">
  <properties>
    <property name="sun.desktop" value="windows"/>
    <property name="awt.toolkit" value="sun.awt.windows.WToolkit"/>
    <property name="file.encoding.pkg" value="sun.io"/>
    <property name="java.specification.version" value="1.8"/>
    <property name="sun.cpu.isalist" value="amd64"/>
    <property name="sun.jnu.encoding" value="GBK"/>
    <property name="java.class.path" value="D:\develop\idea\IdeaProjects\My-Blog\target\test-classes;D:\develop\idea\IdeaProjects\My-Blog\target\classes;D:\develop\maven\repository\org\springframework\boot\spring-boot-starter-thymeleaf\2.3.7.RELEASE\spring-boot-starter-thymeleaf-2.3.7.RELEASE.jar;D:\develop\maven\repository\org\springframework\boot\spring-boot-starter\2.3.7.RELEASE\spring-boot-starter-2.3.7.RELEASE.jar;D:\develop\maven\repository\org\springframework\boot\spring-boot\2.3.7.RELEASE\spring-boot-2.3.7.RELEASE.jar;D:\develop\maven\repository\org\springframework\boot\spring-boot-autoconfigure\2.3.7.RELEASE\spring-boot-autoconfigure-2.3.7.RELEASE.jar;D:\develop\maven\repository\org\springframework\boot\spring-boot-starter-logging\2.3.7.RELEASE\spring-boot-starter-logging-2.3.7.RELEASE.jar;D:\develop\maven\repository\ch\qos\logback\logback-classic\1.2.3\logback-classic-1.2.3.jar;D:\develop\maven\repository\ch\qos\logback\logback-core\1.2.3\logback-core-1.2.3.jar;D:\develop\maven\repository\org\apache\logging\log4j\log4j-to-slf4j\2.13.3\log4j-to-slf4j-2.13.3.jar;D:\develop\maven\repository\org\apache\logging\log4j\log4j-api\2.13.3\log4j-api-2.13.3.jar;D:\develop\maven\repository\org\slf4j\jul-to-slf4j\1.7.30\jul-to-slf4j-1.7.30.jar;D:\develop\maven\repository\jakarta\annotation\jakarta.annotation-api\1.3.5\jakarta.annotation-api-1.3.5.jar;D:\develop\maven\repository\org\yaml\snakeyaml\1.26\snakeyaml-1.26.jar;D:\develop\maven\repository\org\thymeleaf\thymeleaf-spring5\3.0.11.RELEASE\thymeleaf-spring5-3.0.11.RELEASE.jar;D:\develop\maven\repository\org\thymeleaf\thymeleaf\3.0.11.RELEASE\thymeleaf-3.0.11.RELEASE.jar;D:\develop\maven\repository\org\attoparser\attoparser\2.0.5.RELEASE\attoparser-2.0.5.RELEASE.jar;D:\develop\maven\repository\org\unbescape\unbescape\1.1.6.RELEASE\unbescape-1.1.6.RELEASE.jar;D:\develop\maven\repository\org\slf4j\slf4j-api\1.7.30\slf4j-api-1.7.30.jar;D:\develop\maven\repository\org\thymeleaf\extras\thymeleaf-extras-java8time\3.0.4.RELEASE\thymeleaf-extras-java8time-3.0.4.RELEASE.jar;D:\develop\maven\repository\org\springframework\boot\spring-boot-starter-web\2.3.7.RELEASE\spring-boot-starter-web-2.3.7.RELEASE.jar;D:\develop\maven\repository\org\springframework\boot\spring-boot-starter-json\2.3.7.RELEASE\spring-boot-starter-json-2.3.7.RELEASE.jar;D:\develop\maven\repository\com\fasterxml\jackson\core\jackson-databind\2.11.3\jackson-databind-2.11.3.jar;D:\develop\maven\repository\com\fasterxml\jackson\core\jackson-annotations\2.11.3\jackson-annotations-2.11.3.jar;D:\develop\maven\repository\com\fasterxml\jackson\core\jackson-core\2.11.3\jackson-core-2.11.3.jar;D:\develop\maven\repository\com\fasterxml\jackson\datatype\jackson-datatype-jdk8\2.11.3\jackson-datatype-jdk8-2.11.3.jar;D:\develop\maven\repository\com\fasterxml\jackson\datatype\jackson-datatype-jsr310\2.11.3\jackson-datatype-jsr310-2.11.3.jar;D:\develop\maven\repository\com\fasterxml\jackson\module\jackson-module-parameter-names\2.11.3\jackson-module-parameter-names-2.11.3.jar;D:\develop\maven\repository\org\springframework\boot\spring-boot-starter-tomcat\2.3.7.RELEASE\spring-boot-starter-tomcat-2.3.7.RELEASE.jar;D:\develop\maven\repository\org\apache\tomcat\embed\tomcat-embed-core\9.0.41\tomcat-embed-core-9.0.41.jar;D:\develop\maven\repository\org\glassfish\jakarta.el\3.0.3\jakarta.el-3.0.3.jar;D:\develop\maven\repository\org\apache\tomcat\embed\tomcat-embed-websocket\9.0.41\tomcat-embed-websocket-9.0.41.jar;D:\develop\maven\repository\org\springframework\spring-web\5.2.12.RELEASE\spring-web-5.2.12.RELEASE.jar;D:\develop\maven\repository\org\springframework\spring-beans\5.2.12.RELEASE\spring-beans-5.2.12.RELEASE.jar;D:\develop\maven\repository\org\springframework\spring-webmvc\5.2.12.RELEASE\spring-webmvc-5.2.12.RELEASE.jar;D:\develop\maven\repository\org\springframework\spring-aop\5.2.12.RELEASE\spring-aop-5.2.12.RELEASE.jar;D:\develop\maven\repository\org\springframework\spring-context\5.2.12.RELEASE\spring-context-5.2.12.RELEASE.jar;D:\develop\maven\repository\org\springframework\spring-expression\5.2.12.RELEASE\spring-expression-5.2.12.RELEASE.jar;D:\develop\maven\repository\org\springframework\session\spring-session-core\2.3.1.RELEASE\spring-session-core-2.3.1.RELEASE.jar;D:\develop\maven\repository\org\springframework\spring-jcl\5.2.12.RELEASE\spring-jcl-5.2.12.RELEASE.jar;D:\develop\maven\repository\org\mybatis\spring\boot\mybatis-spring-boot-starter\2.1.3\mybatis-spring-boot-starter-2.1.3.jar;D:\develop\maven\repository\org\springframework\boot\spring-boot-starter-jdbc\2.3.7.RELEASE\spring-boot-starter-jdbc-2.3.7.RELEASE.jar;D:\develop\maven\repository\com\zaxxer\HikariCP\3.4.5\HikariCP-3.4.5.jar;D:\develop\maven\repository\org\springframework\spring-jdbc\5.2.12.RELEASE\spring-jdbc-5.2.12.RELEASE.jar;D:\develop\maven\repository\org\springframework\spring-tx\5.2.12.RELEASE\spring-tx-5.2.12.RELEASE.jar;D:\develop\maven\repository\org\mybatis\spring\boot\mybatis-spring-boot-autoconfigure\2.1.3\mybatis-spring-boot-autoconfigure-2.1.3.jar;D:\develop\maven\repository\org\mybatis\mybatis\3.5.5\mybatis-3.5.5.jar;D:\develop\maven\repository\org\mybatis\mybatis-spring\2.0.5\mybatis-spring-2.0.5.jar;D:\develop\maven\repository\com\github\penggle\kaptcha\2.3.2\kaptcha-2.3.2.jar;D:\develop\maven\repository\javax\servlet\javax.servlet-api\4.0.1\javax.servlet-api-4.0.1.jar;D:\develop\maven\repository\com\jhlabs\filters\2.0.235-1\filters-2.0.235-1.jar;D:\develop\maven\repository\com\atlassian\commonmark\commonmark\0.8.0\commonmark-0.8.0.jar;D:\develop\maven\repository\com\atlassian\commonmark\commonmark-ext-gfm-tables\0.8.0\commonmark-ext-gfm-tables-0.8.0.jar;D:\develop\maven\repository\mysql\mysql-connector-java\8.0.22\mysql-connector-java-8.0.22.jar;D:\develop\maven\repository\org\springframework\boot\spring-boot-starter-test\2.3.7.RELEASE\spring-boot-starter-test-2.3.7.RELEASE.jar;D:\develop\maven\repository\org\springframework\boot\spring-boot-test\2.3.7.RELEASE\spring-boot-test-2.3.7.RELEASE.jar;D:\develop\maven\repository\org\springframework\boot\spring-boot-test-autoconfigure\2.3.7.RELEASE\spring-boot-test-autoconfigure-2.3.7.RELEASE.jar;D:\develop\maven\repository\com\jayway\jsonpath\json-path\2.4.0\json-path-2.4.0.jar;D:\develop\maven\repository\net\minidev\json-smart\2.3\json-smart-2.3.jar;D:\develop\maven\repository\net\minidev\accessors-smart\1.2\accessors-smart-1.2.jar;D:\develop\maven\repository\org\ow2\asm\asm\5.0.4\asm-5.0.4.jar;D:\develop\maven\repository\jakarta\xml\bind\jakarta.xml.bind-api\2.3.3\jakarta.xml.bind-api-2.3.3.jar;D:\develop\maven\repository\jakarta\activation\jakarta.activation-api\1.2.2\jakarta.activation-api-1.2.2.jar;D:\develop\maven\repository\org\assertj\assertj-core\3.16.1\assertj-core-3.16.1.jar;D:\develop\maven\repository\org\hamcrest\hamcrest\2.2\hamcrest-2.2.jar;D:\develop\maven\repository\org\junit\jupiter\junit-jupiter\5.6.3\junit-jupiter-5.6.3.jar;D:\develop\maven\repository\org\junit\jupiter\junit-jupiter-api\5.6.3\junit-jupiter-api-5.6.3.jar;D:\develop\maven\repository\org\opentest4j\opentest4j\1.2.0\opentest4j-1.2.0.jar;D:\develop\maven\repository\org\junit\platform\junit-platform-commons\1.6.3\junit-platform-commons-1.6.3.jar;D:\develop\maven\repository\org\junit\jupiter\junit-jupiter-params\5.6.3\junit-jupiter-params-5.6.3.jar;D:\develop\maven\repository\org\junit\jupiter\junit-jupiter-engine\5.6.3\junit-jupiter-engine-5.6.3.jar;D:\develop\maven\repository\org\junit\vintage\junit-vintage-engine\5.6.3\junit-vintage-engine-5.6.3.jar;D:\develop\maven\repository\org\apiguardian\apiguardian-api\1.1.0\apiguardian-api-1.1.0.jar;D:\develop\maven\repository\org\junit\platform\junit-platform-engine\1.6.3\junit-platform-engine-1.6.3.jar;D:\develop\maven\repository\junit\junit\4.13.1\junit-4.13.1.jar;D:\develop\maven\repository\org\mockito\mockito-core\3.3.3\mockito-core-3.3.3.jar;D:\develop\maven\repository\net\bytebuddy\byte-buddy\1.10.18\byte-buddy-1.10.18.jar;D:\develop\maven\repository\net\bytebuddy\byte-buddy-agent\1.10.18\byte-buddy-agent-1.10.18.jar;D:\develop\maven\repository\org\objenesis\objenesis\2.6\objenesis-2.6.jar;D:\develop\maven\repository\org\mockito\mockito-junit-jupiter\3.3.3\mockito-junit-jupiter-3.3.3.jar;D:\develop\maven\repository\org\skyscreamer\jsonassert\1.5.0\jsonassert-1.5.0.jar;D:\develop\maven\repository\com\vaadin\external\google\android-json\0.0.20131108.vaadin1\android-json-0.0.20131108.vaadin1.jar;D:\develop\maven\repository\org\springframework\spring-core\5.2.12.RELEASE\spring-core-5.2.12.RELEASE.jar;D:\develop\maven\repository\org\springframework\spring-test\5.2.12.RELEASE\spring-test-5.2.12.RELEASE.jar;D:\develop\maven\repository\org\xmlunit\xmlunit-core\2.7.0\xmlunit-core-2.7.0.jar;"/>
    <property name="java.vm.vendor" value="Oracle Corporation"/>
    <property name="sun.arch.data.model" value="64"/>
    <property name="user.variant" value=""/>
    <property name="java.vendor.url" value="http://java.oracle.com/"/>
    <property name="user.timezone" value="Asia/Shanghai"/>
    <property name="java.vm.specification.version" value="1.8"/>
    <property name="os.name" value="Windows 10"/>
    <property name="user.country" value="CN"/>
    <property name="sun.java.launcher" value="SUN_STANDARD"/>
    <property name="sun.boot.library.path" value="D:\develop\jdk\jdk1.8.0_201\jre\bin"/>
    <property name="sun.java.command" value="C:\Users\ZQ\AppData\Local\Temp\surefire6201930804383629492\surefirebooter4712402217083131326.jar C:\Users\ZQ\AppData\Local\Temp\surefire6201930804383629492 2021-08-20T09-43-12_151-jvmRun1 surefire2432213596259409781tmp surefire_03425499516251087670tmp"/>
    <property name="surefire.test.class.path" value="D:\develop\idea\IdeaProjects\My-Blog\target\test-classes;D:\develop\idea\IdeaProjects\My-Blog\target\classes;D:\develop\maven\repository\org\springframework\boot\spring-boot-starter-thymeleaf\2.3.7.RELEASE\spring-boot-starter-thymeleaf-2.3.7.RELEASE.jar;D:\develop\maven\repository\org\springframework\boot\spring-boot-starter\2.3.7.RELEASE\spring-boot-starter-2.3.7.RELEASE.jar;D:\develop\maven\repository\org\springframework\boot\spring-boot\2.3.7.RELEASE\spring-boot-2.3.7.RELEASE.jar;D:\develop\maven\repository\org\springframework\boot\spring-boot-autoconfigure\2.3.7.RELEASE\spring-boot-autoconfigure-2.3.7.RELEASE.jar;D:\develop\maven\repository\org\springframework\boot\spring-boot-starter-logging\2.3.7.RELEASE\spring-boot-starter-logging-2.3.7.RELEASE.jar;D:\develop\maven\repository\ch\qos\logback\logback-classic\1.2.3\logback-classic-1.2.3.jar;D:\develop\maven\repository\ch\qos\logback\logback-core\1.2.3\logback-core-1.2.3.jar;D:\develop\maven\repository\org\apache\logging\log4j\log4j-to-slf4j\2.13.3\log4j-to-slf4j-2.13.3.jar;D:\develop\maven\repository\org\apache\logging\log4j\log4j-api\2.13.3\log4j-api-2.13.3.jar;D:\develop\maven\repository\org\slf4j\jul-to-slf4j\1.7.30\jul-to-slf4j-1.7.30.jar;D:\develop\maven\repository\jakarta\annotation\jakarta.annotation-api\1.3.5\jakarta.annotation-api-1.3.5.jar;D:\develop\maven\repository\org\yaml\snakeyaml\1.26\snakeyaml-1.26.jar;D:\develop\maven\repository\org\thymeleaf\thymeleaf-spring5\3.0.11.RELEASE\thymeleaf-spring5-3.0.11.RELEASE.jar;D:\develop\maven\repository\org\thymeleaf\thymeleaf\3.0.11.RELEASE\thymeleaf-3.0.11.RELEASE.jar;D:\develop\maven\repository\org\attoparser\attoparser\2.0.5.RELEASE\attoparser-2.0.5.RELEASE.jar;D:\develop\maven\repository\org\unbescape\unbescape\1.1.6.RELEASE\unbescape-1.1.6.RELEASE.jar;D:\develop\maven\repository\org\slf4j\slf4j-api\1.7.30\slf4j-api-1.7.30.jar;D:\develop\maven\repository\org\thymeleaf\extras\thymeleaf-extras-java8time\3.0.4.RELEASE\thymeleaf-extras-java8time-3.0.4.RELEASE.jar;D:\develop\maven\repository\org\springframework\boot\spring-boot-starter-web\2.3.7.RELEASE\spring-boot-starter-web-2.3.7.RELEASE.jar;D:\develop\maven\repository\org\springframework\boot\spring-boot-starter-json\2.3.7.RELEASE\spring-boot-starter-json-2.3.7.RELEASE.jar;D:\develop\maven\repository\com\fasterxml\jackson\core\jackson-databind\2.11.3\jackson-databind-2.11.3.jar;D:\develop\maven\repository\com\fasterxml\jackson\core\jackson-annotations\2.11.3\jackson-annotations-2.11.3.jar;D:\develop\maven\repository\com\fasterxml\jackson\core\jackson-core\2.11.3\jackson-core-2.11.3.jar;D:\develop\maven\repository\com\fasterxml\jackson\datatype\jackson-datatype-jdk8\2.11.3\jackson-datatype-jdk8-2.11.3.jar;D:\develop\maven\repository\com\fasterxml\jackson\datatype\jackson-datatype-jsr310\2.11.3\jackson-datatype-jsr310-2.11.3.jar;D:\develop\maven\repository\com\fasterxml\jackson\module\jackson-module-parameter-names\2.11.3\jackson-module-parameter-names-2.11.3.jar;D:\develop\maven\repository\org\springframework\boot\spring-boot-starter-tomcat\2.3.7.RELEASE\spring-boot-starter-tomcat-2.3.7.RELEASE.jar;D:\develop\maven\repository\org\apache\tomcat\embed\tomcat-embed-core\9.0.41\tomcat-embed-core-9.0.41.jar;D:\develop\maven\repository\org\glassfish\jakarta.el\3.0.3\jakarta.el-3.0.3.jar;D:\develop\maven\repository\org\apache\tomcat\embed\tomcat-embed-websocket\9.0.41\tomcat-embed-websocket-9.0.41.jar;D:\develop\maven\repository\org\springframework\spring-web\5.2.12.RELEASE\spring-web-5.2.12.RELEASE.jar;D:\develop\maven\repository\org\springframework\spring-beans\5.2.12.RELEASE\spring-beans-5.2.12.RELEASE.jar;D:\develop\maven\repository\org\springframework\spring-webmvc\5.2.12.RELEASE\spring-webmvc-5.2.12.RELEASE.jar;D:\develop\maven\repository\org\springframework\spring-aop\5.2.12.RELEASE\spring-aop-5.2.12.RELEASE.jar;D:\develop\maven\repository\org\springframework\spring-context\5.2.12.RELEASE\spring-context-5.2.12.RELEASE.jar;D:\develop\maven\repository\org\springframework\spring-expression\5.2.12.RELEASE\spring-expression-5.2.12.RELEASE.jar;D:\develop\maven\repository\org\springframework\session\spring-session-core\2.3.1.RELEASE\spring-session-core-2.3.1.RELEASE.jar;D:\develop\maven\repository\org\springframework\spring-jcl\5.2.12.RELEASE\spring-jcl-5.2.12.RELEASE.jar;D:\develop\maven\repository\org\mybatis\spring\boot\mybatis-spring-boot-starter\2.1.3\mybatis-spring-boot-starter-2.1.3.jar;D:\develop\maven\repository\org\springframework\boot\spring-boot-starter-jdbc\2.3.7.RELEASE\spring-boot-starter-jdbc-2.3.7.RELEASE.jar;D:\develop\maven\repository\com\zaxxer\HikariCP\3.4.5\HikariCP-3.4.5.jar;D:\develop\maven\repository\org\springframework\spring-jdbc\5.2.12.RELEASE\spring-jdbc-5.2.12.RELEASE.jar;D:\develop\maven\repository\org\springframework\spring-tx\5.2.12.RELEASE\spring-tx-5.2.12.RELEASE.jar;D:\develop\maven\repository\org\mybatis\spring\boot\mybatis-spring-boot-autoconfigure\2.1.3\mybatis-spring-boot-autoconfigure-2.1.3.jar;D:\develop\maven\repository\org\mybatis\mybatis\3.5.5\mybatis-3.5.5.jar;D:\develop\maven\repository\org\mybatis\mybatis-spring\2.0.5\mybatis-spring-2.0.5.jar;D:\develop\maven\repository\com\github\penggle\kaptcha\2.3.2\kaptcha-2.3.2.jar;D:\develop\maven\repository\javax\servlet\javax.servlet-api\4.0.1\javax.servlet-api-4.0.1.jar;D:\develop\maven\repository\com\jhlabs\filters\2.0.235-1\filters-2.0.235-1.jar;D:\develop\maven\repository\com\atlassian\commonmark\commonmark\0.8.0\commonmark-0.8.0.jar;D:\develop\maven\repository\com\atlassian\commonmark\commonmark-ext-gfm-tables\0.8.0\commonmark-ext-gfm-tables-0.8.0.jar;D:\develop\maven\repository\mysql\mysql-connector-java\8.0.22\mysql-connector-java-8.0.22.jar;D:\develop\maven\repository\org\springframework\boot\spring-boot-starter-test\2.3.7.RELEASE\spring-boot-starter-test-2.3.7.RELEASE.jar;D:\develop\maven\repository\org\springframework\boot\spring-boot-test\2.3.7.RELEASE\spring-boot-test-2.3.7.RELEASE.jar;D:\develop\maven\repository\org\springframework\boot\spring-boot-test-autoconfigure\2.3.7.RELEASE\spring-boot-test-autoconfigure-2.3.7.RELEASE.jar;D:\develop\maven\repository\com\jayway\jsonpath\json-path\2.4.0\json-path-2.4.0.jar;D:\develop\maven\repository\net\minidev\json-smart\2.3\json-smart-2.3.jar;D:\develop\maven\repository\net\minidev\accessors-smart\1.2\accessors-smart-1.2.jar;D:\develop\maven\repository\org\ow2\asm\asm\5.0.4\asm-5.0.4.jar;D:\develop\maven\repository\jakarta\xml\bind\jakarta.xml.bind-api\2.3.3\jakarta.xml.bind-api-2.3.3.jar;D:\develop\maven\repository\jakarta\activation\jakarta.activation-api\1.2.2\jakarta.activation-api-1.2.2.jar;D:\develop\maven\repository\org\assertj\assertj-core\3.16.1\assertj-core-3.16.1.jar;D:\develop\maven\repository\org\hamcrest\hamcrest\2.2\hamcrest-2.2.jar;D:\develop\maven\repository\org\junit\jupiter\junit-jupiter\5.6.3\junit-jupiter-5.6.3.jar;D:\develop\maven\repository\org\junit\jupiter\junit-jupiter-api\5.6.3\junit-jupiter-api-5.6.3.jar;D:\develop\maven\repository\org\opentest4j\opentest4j\1.2.0\opentest4j-1.2.0.jar;D:\develop\maven\repository\org\junit\platform\junit-platform-commons\1.6.3\junit-platform-commons-1.6.3.jar;D:\develop\maven\repository\org\junit\jupiter\junit-jupiter-params\5.6.3\junit-jupiter-params-5.6.3.jar;D:\develop\maven\repository\org\junit\jupiter\junit-jupiter-engine\5.6.3\junit-jupiter-engine-5.6.3.jar;D:\develop\maven\repository\org\junit\vintage\junit-vintage-engine\5.6.3\junit-vintage-engine-5.6.3.jar;D:\develop\maven\repository\org\apiguardian\apiguardian-api\1.1.0\apiguardian-api-1.1.0.jar;D:\develop\maven\repository\org\junit\platform\junit-platform-engine\1.6.3\junit-platform-engine-1.6.3.jar;D:\develop\maven\repository\junit\junit\4.13.1\junit-4.13.1.jar;D:\develop\maven\repository\org\mockito\mockito-core\3.3.3\mockito-core-3.3.3.jar;D:\develop\maven\repository\net\bytebuddy\byte-buddy\1.10.18\byte-buddy-1.10.18.jar;D:\develop\maven\repository\net\bytebuddy\byte-buddy-agent\1.10.18\byte-buddy-agent-1.10.18.jar;D:\develop\maven\repository\org\objenesis\objenesis\2.6\objenesis-2.6.jar;D:\develop\maven\repository\org\mockito\mockito-junit-jupiter\3.3.3\mockito-junit-jupiter-3.3.3.jar;D:\develop\maven\repository\org\skyscreamer\jsonassert\1.5.0\jsonassert-1.5.0.jar;D:\develop\maven\repository\com\vaadin\external\google\android-json\0.0.20131108.vaadin1\android-json-0.0.20131108.vaadin1.jar;D:\develop\maven\repository\org\springframework\spring-core\5.2.12.RELEASE\spring-core-5.2.12.RELEASE.jar;D:\develop\maven\repository\org\springframework\spring-test\5.2.12.RELEASE\spring-test-5.2.12.RELEASE.jar;D:\develop\maven\repository\org\xmlunit\xmlunit-core\2.7.0\xmlunit-core-2.7.0.jar;"/>
    <property name="sun.cpu.endian" value="little"/>
    <property name="user.home" value="C:\Users\ZQ"/>
    <property name="user.language" value="zh"/>
    <property name="java.specification.vendor" value="Oracle Corporation"/>
    <property name="java.home" value="D:\develop\jdk\jdk1.8.0_201\jre"/>
    <property name="basedir" value="D:\develop\idea\IdeaProjects\My-Blog"/>
    <property name="file.separator" value="\"/>
    <property name="line.separator" value="&#10;"/>
    <property name="java.vm.specification.vendor" value="Oracle Corporation"/>
    <property name="java.specification.name" value="Java Platform API Specification"/>
    <property name="java.awt.graphicsenv" value="sun.awt.Win32GraphicsEnvironment"/>
    <property name="surefire.real.class.path" value="C:\Users\ZQ\AppData\Local\Temp\surefire6201930804383629492\surefirebooter4712402217083131326.jar"/>
    <property name="sun.boot.class.path" value="D:\develop\jdk\jdk1.8.0_201\jre\lib\resources.jar;D:\develop\jdk\jdk1.8.0_201\jre\lib\rt.jar;D:\develop\jdk\jdk1.8.0_201\jre\lib\sunrsasign.jar;D:\develop\jdk\jdk1.8.0_201\jre\lib\jsse.jar;D:\develop\jdk\jdk1.8.0_201\jre\lib\jce.jar;D:\develop\jdk\jdk1.8.0_201\jre\lib\charsets.jar;D:\develop\jdk\jdk1.8.0_201\jre\lib\jfr.jar;D:\develop\jdk\jdk1.8.0_201\jre\classes"/>
    <property name="user.script" value=""/>
    <property name="sun.management.compiler" value="HotSpot 64-Bit Tiered Compilers"/>
    <property name="java.runtime.version" value="1.8.0_201-b09"/>
    <property name="user.name" value="赵乾"/>
    <property name="path.separator" value=";"/>
    <property name="os.version" value="10.0"/>
    <property name="java.endorsed.dirs" value="D:\develop\jdk\jdk1.8.0_201\jre\lib\endorsed"/>
    <property name="java.runtime.name" value="Java(TM) SE Runtime Environment"/>
    <property name="file.encoding" value="GBK"/>
    <property name="java.vm.name" value="Java HotSpot(TM) 64-Bit Server VM"/>
    <property name="localRepository" value="D:\develop\maven\repository"/>
    <property name="java.vendor.url.bug" value="http://bugreport.sun.com/bugreport/"/>
    <property name="java.io.tmpdir" value="C:\Users\ZQ\AppData\Local\Temp\"/>
    <property name="idea.version" value="2021.2"/>
    <property name="java.version" value="1.8.0_201"/>
    <property name="user.dir" value="D:\develop\idea\IdeaProjects\My-Blog"/>
    <property name="os.arch" value="amd64"/>
    <property name="java.vm.specification.name" value="Java Virtual Machine Specification"/>
    <property name="java.awt.printerjob" value="sun.awt.windows.WPrinterJob"/>
    <property name="sun.os.patch.level" value=""/>
    <property name="java.library.path" value="D:\develop\jdk\jdk1.8.0_201\jre\bin;C:\Windows\Sun\Java\bin;C:\Windows\system32;C:\Windows;C:\Windows\system32;C:\Windows;C:\Windows\System32\Wbem;C:\Windows\System32\WindowsPowerShell\v1.0\;C:\Windows\System32\OpenSSH\;C:\Program Files (x86)\NVIDIA Corporation\PhysX\Common;D:\develop\jdk\jdk1.8.0_201\bin;D:\develop\jdk\jdk1.8.0_201\jre\bin;D:\develop\MySQL\MySQL Server 5.7\bin;D:\develop\maven\apache-maven-3.6.3\bin;D:\develop\git\Git\cmd;D:\develop\NetSarang\Xshell 7\;D:\develop\NetSarang\Xftp 7\;D:\develop\VMware\VMware Workstation\bin\;D:\develop\nodejs\;D:\develop\Anaconda3;D:\develop\Anaconda3\Library\mingw-w64\bin;D:\develop\Anaconda3\Library\usr\bin;D:\develop\Anaconda3\Library\bin;D:\develop\Anaconda3\Scripts;D:\develop\spark\spark-3.0.0-bin-hadoop3.2\bin;D:\develop\scala\bin;D:\develop\scala\jre\bin;D:\develop\hadoop\hadoop-3.3.0\bin;C:\Program Files\Common Files\Oracle\Java\javapath;C:\Program Files\NVIDIA Corporation\NVIDIA NvDLISR;D:\develop\MongoDB\Server\3.6\bin;D:\develop\elasticsearch\elasticsearch-6.8.15\bin;D:\develop\mingw\mingw64\bin;D:\develop\redis\Redis-x64-5.0.10;D:\develop\rabbitmq\erl-24.0\bin;D:\develop\rabbitmq\RabbitMQ Server\rabbitmq_server-3.8.19\sbin;C:\Users\ZQ\AppData\Local\Microsoft\WindowsApps;C:\Users\赵乾\AppData\Roaming\npm;D:\develop\vscode\Microsoft VS Code\bin;."/>
    <property name="java.vm.info" value="mixed mode"/>
    <property name="java.vendor" value="Oracle Corporation"/>
    <property name="java.vm.version" value="25.201-b09"/>
    <property name="java.ext.dirs" value="D:\develop\jdk\jdk1.8.0_201\jre\lib\ext;C:\Windows\Sun\Java\lib\ext"/>
    <property name="sun.io.unicode.encoding" value="UnicodeLittle"/>
    <property name="maven.repo.local" value="D:\develop\maven\repository"/>
    <property name="java.class.version" value="52.0"/>
  </properties>
  <testcase name="contextLoads" classname="com.site.blog.my.core.MyBlogApplicationTests" time="0.235"/>
</testsuite>